Running: C:\Xilinx\14.7\ISE_DS\ISE\bin\nt\unwrapped\fuse.exe -intstyle ise -incremental -lib unisims_ver -lib unimacro_ver -lib xilinxcorelib_ver -o C:/Users/localadmin/Documents/FPGA/elbert-tut/localadmin/Documents/FPGA/testBox_isim_beh.exe -prj C:/Users/localadmin/Documents/FPGA/elbert-tut/localadmin/Documents/FPGA/testBox_beh.prj work.testBox work.glbl 
ISim P.20131013 (signature 0x8ef4fb42)
Number of CPUs detected in this system: 4
Turning on mult-threading, number of parallel sub-compilation jobs: 8 
Determining compilation order of HDL files
Analyzing Verilog file "C:/Users/localadmin/Documents/FPGA/elbert-tut/localadmin/Documents/FPGA/../../../elbertNotGate.v" into library work
Analyzing Verilog file "C:/Users/localadmin/Documents/FPGA/elbert-tut/localadmin/Documents/FPGA/../../../testBox.v" into library work
Analyzing Verilog file "C:/Xilinx/14.7/ISE_DS/ISE//verilog/src/glbl.v" into library work
Starting static elaboration
Completed static elaboration
Fuse Memory Usage: 157428 KB
Fuse CPU Usage: 250 ms
Compiling module elbertNotGate
Compiling module testBox
Compiling module glbl
Time Resolution for simulation is 1ps.
Waiting for 1 sub-compilation(s) to finish...
Compiled 3 Verilog Units
Built simulation executable C:/Users/localadmin/Documents/FPGA/elbert-tut/localadmin/Documents/FPGA/testBox_isim_beh.exe
Fuse Memory Usage: 162900 KB
Fuse CPU Usage: 311 ms
